<?xml version="1.0" encoding="UTF-8"?>
<testsuites name="jest tests" tests="2" failures="0" errors="0" time="0.68">
  <testsuite name="undefined" errors="0" failures="0" skipped="0" timestamp="2024-09-27T03:16:42" time="0.487" tests="2">
    <testcase classname=" creates a book with correct details" name=" creates a book with correct details" time="0.003">
    </testcase>
    <testcase classname=" borrows and returns a book" name=" borrows and returns a book" time="0.001">
    </testcase>
  </testsuite>
</testsuites>