<?xml version="1.0" encoding="UTF-8"?>
<testsuites name="jest tests" tests="12" failures="0" errors="0" time="1.313">
  <testsuite name="undefined" errors="0" failures="0" skipped="0" timestamp="2024-09-27T03:28:18" time="0.637" tests="2">
    <testcase classname=" creates a book with correct details" name=" creates a book with correct details" time="0.011">
    </testcase>
    <testcase classname=" borrows and returns a book" name=" borrows and returns a book" time="0.004">
    </testcase>
  </testsuite>
  <testsuite name="undefined" errors="0" failures="0" skipped="0" timestamp="2024-09-27T03:28:18" time="0.918" tests="10">
    <testcase classname=" add a book to the library" name=" add a book to the library" time="0.007">
    </testcase>
    <testcase classname=" add duplicate book" name=" add duplicate book" time="0.011">
    </testcase>
    <testcase classname=" borrow a book" name=" borrow a book" time="0">
    </testcase>
    <testcase classname=" borrow an already borrowed book" name=" borrow an already borrowed book" time="0.002">
    </testcase>
    <testcase classname=" return a borrowed book" name=" return a borrowed book" time="0.001">
    </testcase>
    <testcase classname=" view available books" name=" view available books" time="0.001">
    </testcase>
    <testcase classname=" view all books" name=" view all books" time="0">
    </testcase>
    <testcase classname=" search for books by title" name=" search for books by title" time="0.001">
    </testcase>
    <testcase classname=" search for books by author" name=" search for books by author" time="0.001">
    </testcase>
    <testcase classname=" search for non-existent books" name=" search for non-existent books" time="0">
    </testcase>
  </testsuite>
</testsuites>